0 verbose cli /Users/zhu_mars/.nvm/versions/node/v22.17.0/bin/node /Users/zhu_mars/.nvm/versions/node/v22.17.0/bin/npm
1 info using npm@10.9.2
2 info using node@v22.17.0
3 silly config load:file:/Users/zhu_mars/.nvm/versions/node/v22.17.0/lib/node_modules/npm/npmrc
4 silly config load:file:/Volumes/MARS SSD/workspace/perler-webapp/.npmrc
5 silly config load:file:/Users/zhu_mars/.npmrc
6 silly config load:file:/Users/zhu_mars/.nvm/versions/node/v22.17.0/etc/npmrc
7 verbose title npm install
8 verbose argv "install" "--cache" "./.npm-cache" "--logs-dir" "./.npm-logs"
9 verbose logfile logs-max:10 dir:/Volumes/MARS SSD/workspace/perler-webapp/.npm-logs/2026-06-28T01_30_52_323Z-
10 verbose logfile /Volumes/MARS SSD/workspace/perler-webapp/.npm-logs/2026-06-28T01_30_52_323Z-debug-0.log
11 silly logfile done cleaning log files
12 http fetch GET https://registry.npmjs.org/npm attempt 1 failed with ENOTFOUND
13 silly packumentCache heap:4345298944 maxSize:1086324736 maxEntrySize:543162368
14 silly idealTree buildDeps
15 silly reify mark retired [ '/Volumes/MARS SSD/workspace/perler-webapp/node_modules/any-base' ]
16 silly reify mark retired [ '/Volumes/MARS SSD/workspace/perler-webapp/node_modules/bmp-ts' ]
17 silly reify mark retired [
17 silly reify   '/Volumes/MARS SSD/workspace/perler-webapp/node_modules/body-parser'
17 silly reify ]
18 silly reify mark retired [
18 silly reify   '/Volumes/MARS SSD/workspace/perler-webapp/node_modules/await-to-js'
18 silly reify ]
19 silly reify mark retired [
19 silly reify   '/Volumes/MARS SSD/workspace/perler-webapp/node_modules/exif-parser'
19 silly reify ]
20 silly reify mark retired [ '/Volumes/MARS SSD/workspace/perler-webapp/node_modules/file-type' ]
21 silly reify mark retired [ '/Volumes/MARS SSD/workspace/perler-webapp/node_modules/gifwrap' ]
22 silly reify mark retired [ '/Volumes/MARS SSD/workspace/perler-webapp/node_modules/image-q' ]
23 silly reify mark retired [ '/Volumes/MARS SSD/workspace/perler-webapp/node_modules/jimp' ]
24 silly reify mark retired [ '/Volumes/MARS SSD/workspace/perler-webapp/node_modules/jpeg-js' ]
25 silly reify mark retired [ '/Volumes/MARS SSD/workspace/perler-webapp/node_modules/mime' ]
26 silly reify mark retired [ '/Volumes/MARS SSD/workspace/perler-webapp/node_modules/multer' ]
27 silly reify mark retired [ '/Volumes/MARS SSD/workspace/perler-webapp/node_modules/omggif' ]
28 silly reify mark retired [ '/Volumes/MARS SSD/workspace/perler-webapp/node_modules/pako' ]
29 silly reify mark retired [
29 silly reify   '/Volumes/MARS SSD/workspace/perler-webapp/node_modules/parse-bmfont-ascii'
29 silly reify ]
30 silly reify mark retired [
30 silly reify   '/Volumes/MARS SSD/workspace/perler-webapp/node_modules/parse-bmfont-binary'
30 silly reify ]
31 silly reify mark retired [
31 silly reify   '/Volumes/MARS SSD/workspace/perler-webapp/node_modules/parse-bmfont-xml'
31 silly reify ]
32 silly reify mark retired [ '/Volumes/MARS SSD/workspace/perler-webapp/node_modules/pixelmatch' ]
33 silly reify mark retired [ '/Volumes/MARS SSD/workspace/perler-webapp/node_modules/pngjs' ]
34 silly reify mark retired [
34 silly reify   '/Volumes/MARS SSD/workspace/perler-webapp/node_modules/range-parser'
34 silly reify ]
35 silly reify mark retired [ '/Volumes/MARS SSD/workspace/perler-webapp/node_modules/qs' ]
36 silly reify mark retired [
36 silly reify   '/Volumes/MARS SSD/workspace/perler-webapp/node_modules/simple-xml-to-json'
36 silly reify ]
37 silly reify mark retired [ '/Volumes/MARS SSD/workspace/perler-webapp/node_modules/strtok3' ]
38 silly reify mark retired [ '/Volumes/MARS SSD/workspace/perler-webapp/node_modules/tinycolor2' ]
39 silly reify mark retired [
39 silly reify   '/Volumes/MARS SSD/workspace/perler-webapp/node_modules/token-types'
39 silly reify ]
40 silly reify mark retired [
40 silly reify   '/Volumes/MARS SSD/workspace/perler-webapp/node_modules/uint8array-extras'
40 silly reify ]
41 silly reify mark retired [ '/Volumes/MARS SSD/workspace/perler-webapp/node_modules/utif2' ]
42 silly reify mark retired [
42 silly reify   '/Volumes/MARS SSD/workspace/perler-webapp/node_modules/xml-parse-from-string'
42 silly reify ]
43 silly reify mark retired [ '/Volumes/MARS SSD/workspace/perler-webapp/node_modules/xml2js' ]
44 silly reify mark retired [
44 silly reify   '/Volumes/MARS SSD/workspace/perler-webapp/node_modules/@borewit/text-codec'
44 silly reify ]
45 silly reify mark retired [ '/Volumes/MARS SSD/workspace/perler-webapp/node_modules/@jimp/core' ]
46 silly reify mark retired [ '/Volumes/MARS SSD/workspace/perler-webapp/node_modules/@jimp/diff' ]
47 silly reify mark retired [
47 silly reify   '/Volumes/MARS SSD/workspace/perler-webapp/node_modules/@jimp/file-ops'
47 silly reify ]
48 silly reify mark retired [
48 silly reify   '/Volumes/MARS SSD/workspace/perler-webapp/node_modules/@jimp/js-bmp'
48 silly reify ]
49 silly reify mark retired [
49 silly reify   '/Volumes/MARS SSD/workspace/perler-webapp/node_modules/@jimp/js-gif'
49 silly reify ]
50 silly reify mark retired [
50 silly reify   '/Volumes/MARS SSD/workspace/perler-webapp/node_modules/@jimp/js-jpeg'
50 silly reify ]
51 silly reify mark retired [
51 silly reify   '/Volumes/MARS SSD/workspace/perler-webapp/node_modules/@jimp/js-png'
51 silly reify ]
52 silly reify mark retired [
52 silly reify   '/Volumes/MARS SSD/workspace/perler-webapp/node_modules/@jimp/js-tiff'
52 silly reify ]
53 silly reify mark retired [
53 silly reify   '/Volumes/MARS SSD/workspace/perler-webapp/node_modules/@jimp/plugin-blit'
53 silly reify ]
54 silly reify mark retired [
54 silly reify   '/Volumes/MARS SSD/workspace/perler-webapp/node_modules/@jimp/plugin-blur'
54 silly reify ]
55 silly reify mark retired [
55 silly reify   '/Volumes/MARS SSD/workspace/perler-webapp/node_modules/@jimp/plugin-circle'
55 silly reify ]
56 silly reify mark retired [
56 silly reify   '/Volumes/MARS SSD/workspace/perler-webapp/node_modules/@jimp/plugin-color'
56 silly reify ]
57 silly reify mark retired [
57 silly reify   '/Volumes/MARS SSD/workspace/perler-webapp/node_modules/@jimp/plugin-contain'
57 silly reify ]
58 silly reify mark retired [
58 silly reify   '/Volumes/MARS SSD/workspace/perler-webapp/node_modules/@jimp/plugin-cover'
58 silly reify ]
59 silly reify mark retired [
59 silly reify   '/Volumes/MARS SSD/workspace/perler-webapp/node_modules/@jimp/plugin-crop'
59 silly reify ]
60 silly reify mark retired [
60 silly reify   '/Volumes/MARS SSD/workspace/perler-webapp/node_modules/@jimp/plugin-displace'
60 silly reify ]
61 silly reify mark retired [
61 silly reify   '/Volumes/MARS SSD/workspace/perler-webapp/node_modules/@jimp/plugin-dither'
61 silly reify ]
62 silly reify mark retired [
62 silly reify   '/Volumes/MARS SSD/workspace/perler-webapp/node_modules/@jimp/plugin-fisheye'
62 silly reify ]
63 silly reify mark retired [
63 silly reify   '/Volumes/MARS SSD/workspace/perler-webapp/node_modules/@jimp/plugin-flip'
63 silly reify ]
64 silly reify mark retired [
64 silly reify   '/Volumes/MARS SSD/workspace/perler-webapp/node_modules/@jimp/plugin-hash'
64 silly reify ]
65 silly reify mark retired [
65 silly reify   '/Volumes/MARS SSD/workspace/perler-webapp/node_modules/@jimp/plugin-mask'
65 silly reify ]
66 silly reify mark retired [
66 silly reify   '/Volumes/MARS SSD/workspace/perler-webapp/node_modules/@jimp/plugin-print'
66 silly reify ]
67 silly reify mark retired [
67 silly reify   '/Volumes/MARS SSD/workspace/perler-webapp/node_modules/@jimp/plugin-quantize'
67 silly reify ]
68 silly reify mark retired [
68 silly reify   '/Volumes/MARS SSD/workspace/perler-webapp/node_modules/@jimp/plugin-resize'
68 silly reify ]
69 silly reify mark retired [
69 silly reify   '/Volumes/MARS SSD/workspace/perler-webapp/node_modules/@jimp/plugin-rotate'
69 silly reify ]
70 silly reify mark retired [
70 silly reify   '/Volumes/MARS SSD/workspace/perler-webapp/node_modules/@jimp/plugin-threshold'
70 silly reify ]
71 silly reify mark retired [
71 silly reify   '/Volumes/MARS SSD/workspace/perler-webapp/node_modules/@jimp/types'
71 silly reify ]
72 silly reify mark retired [
72 silly reify   '/Volumes/MARS SSD/workspace/perler-webapp/node_modules/@jimp/utils'
72 silly reify ]
73 silly reify mark retired [
73 silly reify   '/Volumes/MARS SSD/workspace/perler-webapp/node_modules/@tokenizer/inflate'
73 silly reify ]
74 silly reify mark retired [
74 silly reify   '/Volumes/MARS SSD/workspace/perler-webapp/node_modules/@tokenizer/token'
74 silly reify ]
75 silly reify mark retired [
75 silly reify   '/Volumes/MARS SSD/workspace/perler-webapp/node_modules/@types/node'
75 silly reify ]
76 silly reify moves {
76 silly reify   '/Volumes/MARS SSD/workspace/perler-webapp/node_modules/any-base': '/Volumes/MARS SSD/workspace/perler-webapp/node_modules/.any-base-OgAwGToR',
76 silly reify   '/Volumes/MARS SSD/workspace/perler-webapp/node_modules/bmp-ts': '/Volumes/MARS SSD/workspace/perler-webapp/node_modules/.bmp-ts-7oos9RUw',
76 silly reify   '/Volumes/MARS SSD/workspace/perler-webapp/node_modules/body-parser': '/Volumes/MARS SSD/workspace/perler-webapp/node_modules/.body-parser-1TACIJEX',
76 silly reify   '/Volumes/MARS SSD/workspace/perler-webapp/node_modules/await-to-js': '/Volumes/MARS SSD/workspace/perler-webapp/node_modules/.await-to-js-lZHs18zK',
76 silly reify   '/Volumes/MARS SSD/workspace/perler-webapp/node_modules/exif-parser': '/Volumes/MARS SSD/workspace/perler-webapp/node_modules/.exif-parser-eSFJCytp',
76 silly reify   '/Volumes/MARS SSD/workspace/perler-webapp/node_modules/file-type': '/Volumes/MARS SSD/workspace/perler-webapp/node_modules/.file-type-w8rHicPh',
76 silly reify   '/Volumes/MARS SSD/workspace/perler-webapp/node_modules/gifwrap': '/Volumes/MARS SSD/workspace/perler-webapp/node_modules/.gifwrap-KBm0Wpx0',
76 silly reify   '/Volumes/MARS SSD/workspace/perler-webapp/node_modules/image-q': '/Volumes/MARS SSD/workspace/perler-webapp/node_modules/.image-q-M0ibX2wk',
76 silly reify   '/Volumes/MARS SSD/workspace/perler-webapp/node_modules/jimp': '/Volumes/MARS SSD/workspace/perler-webapp/node_modules/.jimp-PhRBWmWm',
76 silly reify   '/Volumes/MARS SSD/workspace/perler-webapp/node_modules/jpeg-js': '/Volumes/MARS SSD/workspace/perler-webapp/node_modules/.jpeg-js-LSqEkB5c',
76 silly reify   '/Volumes/MARS SSD/workspace/perler-webapp/node_modules/mime': '/Volumes/MARS SSD/workspace/perler-webapp/node_modules/.mime-4Bn9Sv8n',
76 silly reify   '/Volumes/MARS SSD/workspace/perler-webapp/node_modules/multer': '/Volumes/MARS SSD/workspace/perler-webapp/node_modules/.multer-PkrLfCNN',
76 silly reify   '/Volumes/MARS SSD/workspace/perler-webapp/node_modules/omggif': '/Volumes/MARS SSD/workspace/perler-webapp/node_modules/.omggif-DkaXaFck',
76 silly reify   '/Volumes/MARS SSD/workspace/perler-webapp/node_modules/pako': '/Volumes/MARS SSD/workspace/perler-webapp/node_modules/.pako-nBqvQW3y',
76 silly reify   '/Volumes/MARS SSD/workspace/perler-webapp/node_modules/parse-bmfont-ascii': '/Volumes/MARS SSD/workspace/perler-webapp/node_modules/.parse-bmfont-ascii-stBLA3cD',
76 silly reify   '/Volumes/MARS SSD/workspace/perler-webapp/node_modules/parse-bmfont-binary': '/Volumes/MARS SSD/workspace/perler-webapp/node_modules/.parse-bmfont-binary-UPYs3MnW',
76 silly reify   '/Volumes/MARS SSD/workspace/perler-webapp/node_modules/parse-bmfont-xml': '/Volumes/MARS SSD/workspace/perler-webapp/node_modules/.parse-bmfont-xml-EV6TzxZ4',
76 silly reify   '/Volumes/MARS SSD/workspace/perler-webapp/node_modules/pixelmatch': '/Volumes/MARS SSD/workspace/perler-webapp/node_modules/.pixelmatch-v2u10J6I',
76 silly reify   '/Volumes/MARS SSD/workspace/perler-webapp/node_modules/pngjs': '/Volumes/MARS SSD/workspace/perler-webapp/node_modules/.pngjs-Vs2KjSEm',
76 silly reify   '/Volumes/MARS SSD/workspace/perler-webapp/node_modules/range-parser': '/Volumes/MARS SSD/workspace/perler-webapp/node_modules/.range-parser-dS6M3F7C',
76 silly reify   '/Volumes/MARS SSD/workspace/perler-webapp/node_modules/qs': '/Volumes/MARS SSD/workspace/perler-webapp/node_modules/.qs-uGXFFiDf',
76 silly reify   '/Volumes/MARS SSD/workspace/perler-webapp/node_modules/simple-xml-to-json': '/Volumes/MARS SSD/workspace/perler-webapp/node_modules/.simple-xml-to-json-vodh0roJ',
76 silly reify   '/Volumes/MARS SSD/workspace/perler-webapp/node_modules/strtok3': '/Volumes/MARS SSD/workspace/perler-webapp/node_modules/.strtok3-YGQwm0cg',
76 silly reify   '/Volumes/MARS SSD/workspace/perler-webapp/node_modules/tinycolor2': '/Volumes/MARS SSD/workspace/perler-webapp/node_modules/.tinycolor2-iQrFZceQ',
76 silly reify   '/Volumes/MARS SSD/workspace/perler-webapp/node_modules/token-types': '/Volumes/MARS SSD/workspace/perler-webapp/node_modules/.token-types-CmwS1tGm',
76 silly reify   '/Volumes/MARS SSD/workspace/perler-webapp/node_modules/uint8array-extras': '/Volumes/MARS SSD/workspace/perler-webapp/node_modules/.uint8array-extras-nf81q555',
76 silly reify   '/Volumes/MARS SSD/workspace/perler-webapp/node_modules/utif2': '/Volumes/MARS SSD/workspace/perler-webapp/node_modules/.utif2-sbWNyUN0',
76 silly reify   '/Volumes/MARS SSD/workspace/perler-webapp/node_modules/xml-parse-from-string': '/Volumes/MARS SSD/workspace/perler-webapp/node_modules/.xml-parse-from-string-qhU3U9to',
76 silly reify   '/Volumes/MARS SSD/workspace/perler-webapp/node_modules/xml2js': '/Volumes/MARS SSD/workspace/perler-webapp/node_modules/.xml2js-Ii5gnPg3',
76 silly reify   '/Volumes/MARS SSD/workspace/perler-webapp/node_modules/@borewit/text-codec': '/Volumes/MARS SSD/workspace/perler-webapp/node_modules/@borewit/.text-codec-VQn0dwDs',
76 silly reify   '/Volumes/MARS SSD/workspace/perler-webapp/node_modules/@jimp/core': '/Volumes/MARS SSD/workspace/perler-webapp/node_modules/@jimp/.core-O2bHs5zl',
76 silly reify   '/Volumes/MARS SSD/workspace/perler-webapp/node_modules/@jimp/diff': '/Volumes/MARS SSD/workspace/perler-webapp/node_modules/@jimp/.diff-edLJQlpS',
76 silly reify   '/Volumes/MARS SSD/workspace/perler-webapp/node_modules/@jimp/file-ops': '/Volumes/MARS SSD/workspace/perler-webapp/node_modules/@jimp/.file-ops-dMdtnPsx',
76 silly reify   '/Volumes/MARS SSD/workspace/perler-webapp/node_modules/@jimp/js-bmp': '/Volumes/MARS SSD/workspace/perler-webapp/node_modules/@jimp/.js-bmp-jJ0MKLEu',
76 silly reify   '/Volumes/MARS SSD/workspace/perler-webapp/node_modules/@jimp/js-gif': '/Volumes/MARS SSD/workspace/perler-webapp/node_modules/@jimp/.js-gif-BzfIL6pz',
76 silly reify   '/Volumes/MARS SSD/workspace/perler-webapp/node_modules/@jimp/js-jpeg': '/Volumes/MARS SSD/workspace/perler-webapp/node_modules/@jimp/.js-jpeg-Hh34HJXr',
76 silly reify   '/Volumes/MARS SSD/workspace/perler-webapp/node_modules/@jimp/js-png': '/Volumes/MARS SSD/workspace/perler-webapp/node_modules/@jimp/.js-png-HKcUUIY1',
76 silly reify   '/Volumes/MARS SSD/workspace/perler-webapp/node_modules/@jimp/js-tiff': '/Volumes/MARS SSD/workspace/perler-webapp/node_modules/@jimp/.js-tiff-evc01QDR',
76 silly reify   '/Volumes/MARS SSD/workspace/perler-webapp/node_modules/@jimp/plugin-blit': '/Volumes/MARS SSD/workspace/perler-webapp/node_modules/@jimp/.plugin-blit-Xg3u9FyE',
76 silly reify   '/Volumes/MARS SSD/workspace/perler-webapp/node_modules/@jimp/plugin-blur': '/Volumes/MARS SSD/workspace/perler-webapp/node_modules/@jimp/.plugin-blur-H8nvftgj',
76 silly reify   '/Volumes/MARS SSD/workspace/perler-webapp/node_modules/@jimp/plugin-circle': '/Volumes/MARS SSD/workspace/perler-webapp/node_modules/@jimp/.plugin-circle-NKPaVbil',
76 silly reify   '/Volumes/MARS SSD/workspace/perler-webapp/node_modules/@jimp/plugin-color': '/Volumes/MARS SSD/workspace/perler-webapp/node_modules/@jimp/.plugin-color-mEv6sgFI',
76 silly reify   '/Volumes/MARS SSD/workspace/perler-webapp/node_modules/@jimp/plugin-contain': '/Volumes/MARS SSD/workspace/perler-webapp/node_modules/@jimp/.plugin-contain-kVXr1EM4',
76 silly reify   '/Volumes/MARS SSD/workspace/perler-webapp/node_modules/@jimp/plugin-cover': '/Volumes/MARS SSD/workspace/perler-webapp/node_modules/@jimp/.plugin-cover-UUzxTF5V',
76 silly reify   '/Volumes/MARS SSD/workspace/perler-webapp/node_modules/@jimp/plugin-crop': '/Volumes/MARS SSD/workspace/perler-webapp/node_modules/@jimp/.plugin-crop-FiYc5VSU',
76 silly reify   '/Volumes/MARS SSD/workspace/perler-webapp/node_modules/@jimp/plugin-displace': '/Volumes/MARS SSD/workspace/perler-webapp/node_modules/@jimp/.plugin-displace-TVcgbv0Q',
76 silly reify   '/Volumes/MARS SSD/workspace/perler-webapp/node_modules/@jimp/plugin-dither': '/Volumes/MARS SSD/workspace/perler-webapp/node_modules/@jimp/.plugin-dither-DDBBwhu8',
76 silly reify   '/Volumes/MARS SSD/workspace/perler-webapp/node_modules/@jimp/plugin-fisheye': '/Volumes/MARS SSD/workspace/perler-webapp/node_modules/@jimp/.plugin-fisheye-gL7Npu1L',
76 silly reify   '/Volumes/MARS SSD/workspace/perler-webapp/node_modules/@jimp/plugin-flip': '/Volumes/MARS SSD/workspace/perler-webapp/node_modules/@jimp/.plugin-flip-SJnSqoqr',
76 silly reify   '/Volumes/MARS SSD/workspace/perler-webapp/node_modules/@jimp/plugin-hash': '/Volumes/MARS SSD/workspace/perler-webapp/node_modules/@jimp/.plugin-hash-uD7GBaV9',
76 silly reify   '/Volumes/MARS SSD/workspace/perler-webapp/node_modules/@jimp/plugin-mask': '/Volumes/MARS SSD/workspace/perler-webapp/node_modules/@jimp/.plugin-mask-yEy440yE',
76 silly reify   '/Volumes/MARS SSD/workspace/perler-webapp/node_modules/@jimp/plugin-print': '/Volumes/MARS SSD/workspace/perler-webapp/node_modules/@jimp/.plugin-print-9Idez4FB',
76 silly reify   '/Volumes/MARS SSD/workspace/perler-webapp/node_modules/@jimp/plugin-quantize': '/Volumes/MARS SSD/workspace/perler-webapp/node_modules/@jimp/.plugin-quantize-MFr0YF5V',
76 silly reify   '/Volumes/MARS SSD/workspace/perler-webapp/node_modules/@jimp/plugin-resize': '/Volumes/MARS SSD/workspace/perler-webapp/node_modules/@jimp/.plugin-resize-SqTGXzHc',
76 silly reify   '/Volumes/MARS SSD/workspace/perler-webapp/node_modules/@jimp/plugin-rotate': '/Volumes/MARS SSD/workspace/perler-webapp/node_modules/@jimp/.plugin-rotate-HQB5syhE',
76 silly reify   '/Volumes/MARS SSD/workspace/perler-webapp/node_modules/@jimp/plugin-threshold': '/Volumes/MARS SSD/workspace/perler-webapp/node_modules/@jimp/.plugin-threshold-52IkjH2s',
76 silly reify   '/Volumes/MARS SSD/workspace/perler-webapp/node_modules/@jimp/types': '/Volumes/MARS SSD/workspace/perler-webapp/node_modules/@jimp/.types-fBhbYcmN',
76 silly reify   '/Volumes/MARS SSD/workspace/perler-webapp/node_modules/@jimp/utils': '/Volumes/MARS SSD/workspace/perler-webapp/node_modules/@jimp/.utils-gO5RANcM',
76 silly reify   '/Volumes/MARS SSD/workspace/perler-webapp/node_modules/@tokenizer/inflate': '/Volumes/MARS SSD/workspace/perler-webapp/node_modules/@tokenizer/.inflate-qK59r99I',
76 silly reify   '/Volumes/MARS SSD/workspace/perler-webapp/node_modules/@tokenizer/token': '/Volumes/MARS SSD/workspace/perler-webapp/node_modules/@tokenizer/.token-2qKRFlbE',
76 silly reify   '/Volumes/MARS SSD/workspace/perler-webapp/node_modules/@types/node': '/Volumes/MARS SSD/workspace/perler-webapp/node_modules/@types/.node-zs7O2Weg'
76 silly reify }
77 silly audit bulk request {
77 silly audit   '@borewit/text-codec': [ '0.2.2' ],
77 silly audit   '@jimp/core': [ '1.6.1' ],
77 silly audit   '@jimp/diff': [ '1.6.1' ],
77 silly audit   '@jimp/file-ops': [ '1.6.1' ],
77 silly audit   '@jimp/js-bmp': [ '1.6.1' ],
77 silly audit   '@jimp/js-gif': [ '1.6.1' ],
77 silly audit   '@jimp/js-jpeg': [ '1.6.1' ],
77 silly audit   '@jimp/js-png': [ '1.6.1' ],
77 silly audit   '@jimp/js-tiff': [ '1.6.1' ],
77 silly audit   '@jimp/plugin-blit': [ '1.6.1' ],
77 silly audit   '@jimp/plugin-blur': [ '1.6.1' ],
77 silly audit   '@jimp/plugin-circle': [ '1.6.1' ],
77 silly audit   '@jimp/plugin-color': [ '1.6.1' ],
77 silly audit   '@jimp/plugin-contain': [ '1.6.1' ],
77 silly audit   '@jimp/plugin-cover': [ '1.6.1' ],
77 silly audit   '@jimp/plugin-crop': [ '1.6.1' ],
77 silly audit   '@jimp/plugin-displace': [ '1.6.1' ],
77 silly audit   '@jimp/plugin-dither': [ '1.6.1' ],
77 silly audit   '@jimp/plugin-fisheye': [ '1.6.1' ],
77 silly audit   '@jimp/plugin-flip': [ '1.6.1' ],
77 silly audit   '@jimp/plugin-hash': [ '1.6.1' ],
77 silly audit   '@jimp/plugin-mask': [ '1.6.1' ],
77 silly audit   '@jimp/plugin-print': [ '1.6.1' ],
77 silly audit   '@jimp/plugin-quantize': [ '1.6.1' ],
77 silly audit   '@jimp/plugin-resize': [ '1.6.1' ],
77 silly audit   '@jimp/plugin-rotate': [ '1.6.1' ],
77 silly audit   '@jimp/plugin-threshold': [ '1.6.1' ],
77 silly audit   '@jimp/types': [ '1.6.1' ],
77 silly audit   '@jimp/utils': [ '1.6.1' ],
77 silly audit   '@tokenizer/inflate': [ '0.4.1' ],
77 silly audit   '@tokenizer/token': [ '0.3.0' ],
77 silly audit   '@types/node': [ '16.9.1' ],
77 silly audit   accepts: [ '2.0.0' ],
77 silly audit   'any-base': [ '1.1.0' ],
77 silly audit   'append-field': [ '1.0.0' ],
77 silly audit   'await-to-js': [ '3.0.0' ],
77 silly audit   'bmp-ts': [ '1.0.9' ],
77 silly audit   'body-parser': [ '2.3.0' ],
77 silly audit   'content-type': [ '2.0.0', '1.0.5' ],
77 silly audit   'buffer-from': [ '1.1.2' ],
77 silly audit   busboy: [ '1.6.0' ],
77 silly audit   bytes: [ '3.1.2' ],
77 silly audit   'call-bind-apply-helpers': [ '1.0.2' ],
77 silly audit   'call-bound': [ '1.0.4' ],
77 silly audit   'concat-stream': [ '2.0.0' ],
77 silly audit   'content-disposition': [ '1.1.0' ],
77 silly audit   cookie: [ '0.7.2' ],
77 silly audit   'cookie-signature': [ '1.2.2' ],
77 silly audit   debug: [ '4.4.3' ],
77 silly audit   depd: [ '2.0.0' ],
77 silly audit   'dunder-proto': [ '1.0.1' ],
77 silly audit   'ee-first': [ '1.1.1' ],
77 silly audit   encodeurl: [ '2.0.0' ],
77 silly audit   'es-define-property': [ '1.0.1' ],
77 silly audit   'es-errors': [ '1.3.0' ],
77 silly audit   'es-object-atoms': [ '1.1.2' ],
77 silly audit   'escape-html': [ '1.0.3' ],
77 silly audit   etag: [ '1.8.1' ],
77 silly audit   'exif-parser': [ '0.1.12' ],
77 silly audit   express: [ '5.2.1' ],
77 silly audit   'file-type': [ '21.3.4' ],
77 silly audit   finalhandler: [ '2.1.1' ],
77 silly audit   forwarded: [ '0.2.0' ],
77 silly audit   fresh: [ '2.0.0' ],
77 silly audit   'function-bind': [ '1.1.2' ],
77 silly audit   'get-intrinsic': [ '1.3.0' ],
77 silly audit   'get-proto': [ '1.0.1' ],
77 silly audit   gifwrap: [ '0.10.1' ],
77 silly audit   gopd: [ '1.2.0' ],
77 silly audit   'has-symbols': [ '1.1.0' ],
77 silly audit   hasown: [ '2.0.4' ],
77 silly audit   'http-errors': [ '2.0.1' ],
77 silly audit   'iconv-lite': [ '0.7.2' ],
77 silly audit   ieee754: [ '1.2.1' ],
77 silly audit   'image-q': [ '4.0.0' ],
77 silly audit   inherits: [ '2.0.4' ],
77 silly audit   'ipaddr.js': [ '1.9.1' ],
77 silly audit   'is-promise': [ '4.0.0' ],
77 silly audit   jimp: [ '1.6.1' ],
77 silly audit   'jpeg-js': [ '0.4.4' ],
77 silly audit   'math-intrinsics': [ '1.1.0' ],
77 silly audit   'media-typer': [ '1.1.0', '0.3.0' ],
77 silly audit   'merge-descriptors': [ '2.0.0' ],
77 silly audit   mime: [ '3.0.0' ],
77 silly audit   'mime-db': [ '1.54.0', '1.52.0' ],
77 silly audit   'mime-types': [ '3.0.2', '2.1.35' ],
77 silly audit   ms: [ '2.1.3' ],
77 silly audit   multer: [ '2.2.0' ],
77 silly audit   'type-is': [ '1.6.18', '2.1.0' ],
77 silly audit   negotiator: [ '1.0.0' ],
77 silly audit   'object-inspect': [ '1.13.4' ],
77 silly audit   omggif: [ '1.0.10' ],
77 silly audit   'on-finished': [ '2.4.1' ],
77 silly audit   once: [ '1.4.0' ],
77 silly audit   pako: [ '1.0.11' ],
77 silly audit   'parse-bmfont-ascii': [ '1.0.6' ],
77 silly audit   'parse-bmfont-binary': [ '1.0.6' ],
77 silly audit   'parse-bmfont-xml': [ '1.1.6' ],
77 silly audit   parseurl: [ '1.3.3' ],
77 silly audit   'path-to-regexp': [ '8.4.2' ],
77 silly audit   pixelmatch: [ '5.3.0' ],
77 silly audit   pngjs: [ '6.0.0', '7.0.0' ],
77 silly audit   'proxy-addr': [ '2.0.7' ],
77 silly audit   qs: [ '6.15.3' ],
77 silly audit   'range-parser': [ '1.3.0' ],
77 silly audit   'raw-body': [ '3.0.2' ],
77 silly audit   'readable-stream': [ '3.6.2' ],
77 silly audit   router: [ '2.2.0' ],
77 silly audit   'safe-buffer': [ '5.2.1' ],
77 silly audit   'safer-buffer': [ '2.1.2' ],
77 silly audit   sax: [ '1.6.0' ],
77 silly audit   send: [ '1.2.1' ],
77 silly audit   'serve-static': [ '2.2.1' ],
77 silly audit   setprototypeof: [ '1.2.0' ],
77 silly audit   'side-channel': [ '1.1.1' ],
77 silly audit   'side-channel-list': [ '1.0.1' ],
77 silly audit   'side-channel-map': [ '1.0.1' ],
77 silly audit   'side-channel-weakmap': [ '1.0.2' ],
77 silly audit   'simple-xml-to-json': [ '1.2.7' ],
77 silly audit   statuses: [ '2.0.2' ],
77 silly audit   streamsearch: [ '1.1.0' ],
77 silly audit   string_decoder: [ '1.3.0' ],
77 silly audit   strtok3: [ '10.3.5' ],
77 silly audit   tinycolor2: [ '1.6.0' ],
77 silly audit   toidentifier: [ '1.0.1' ],
77 silly audit   'token-types': [ '6.1.2' ],
77 silly audit   typedarray: [ '0.0.6' ],
77 silly audit   'uint8array-extras': [ '1.5.0' ],
77 silly audit   unpipe: [ '1.0.0' ],
77 silly audit   utif2: [ '4.1.0' ],
77 silly audit   'util-deprecate': [ '1.0.2' ],
77 silly audit   vary: [ '1.1.2' ],
77 silly audit   wrappy: [ '1.0.2' ],
77 silly audit   'xml-parse-from-string': [ '1.0.1' ],
77 silly audit   xml2js: [ '0.5.0' ],
77 silly audit   xmlbuilder: [ '11.0.1' ],
77 silly audit   zod: [ '3.25.76' ]
77 silly audit }
78 silly audit bulk request failed undefined
79 verbose audit error FetchError: request to https://registry.npmjs.org/-/npm/v1/security/audits/quick failed, reason: getaddrinfo ENOTFOUND registry.npmjs.org
79 verbose audit error     at ClientRequest.<anonymous> (/Users/zhu_mars/.nvm/versions/node/v22.17.0/lib/node_modules/npm/node_modules/minipass-fetch/lib/index.js:130:14)
79 verbose audit error     at ClientRequest.emit (node:events:518:28)
79 verbose audit error     at emitErrorEvent (node:_http_client:104:11)
79 verbose audit error     at _destroy (node:_http_client:898:9)
79 verbose audit error     at onSocketNT (node:_http_client:918:5)
79 verbose audit error     at process.processTicksAndRejections (node:internal/process/task_queues:91:21) {
79 verbose audit error   code: 'ENOTFOUND',
79 verbose audit error   errno: 'ENOTFOUND',
79 verbose audit error   syscall: 'getaddrinfo',
79 verbose audit error   hostname: 'registry.npmjs.org',
79 verbose audit error   type: 'system'
79 verbose audit error }
80 silly audit error undefined
81 silly audit report null
82 http cache @tokenizer/token@https://registry.npmjs.org/@tokenizer/token/-/token-0.3.0.tgz 1ms (cache hit)
83 http cache @types/node@https://registry.npmjs.org/@types/node/-/node-16.9.1.tgz 0ms (cache hit)
84 http cache @jimp/utils@https://registry.npmjs.org/@jimp/utils/-/utils-1.6.1.tgz 0ms (cache hit)
85 http cache @tokenizer/inflate@https://registry.npmjs.org/@tokenizer/inflate/-/inflate-0.4.1.tgz 0ms (cache hit)
86 http cache @jimp/plugin-threshold@https://registry.npmjs.org/@jimp/plugin-threshold/-/plugin-threshold-1.6.1.tgz 0ms (cache hit)
87 http cache @jimp/plugin-rotate@https://registry.npmjs.org/@jimp/plugin-rotate/-/plugin-rotate-1.6.1.tgz 0ms (cache hit)
88 http cache @jimp/types@https://registry.npmjs.org/@jimp/types/-/types-1.6.1.tgz 0ms (cache hit)
89 http cache @jimp/plugin-resize@https://registry.npmjs.org/@jimp/plugin-resize/-/plugin-resize-1.6.1.tgz 0ms (cache hit)
90 http cache @jimp/plugin-print@https://registry.npmjs.org/@jimp/plugin-print/-/plugin-print-1.6.1.tgz 0ms (cache hit)
91 http cache @jimp/plugin-mask@https://registry.npmjs.org/@jimp/plugin-mask/-/plugin-mask-1.6.1.tgz 0ms (cache hit)
92 http cache @jimp/plugin-hash@https://registry.npmjs.org/@jimp/plugin-hash/-/plugin-hash-1.6.1.tgz 0ms (cache hit)
93 http cache @jimp/plugin-fisheye@https://registry.npmjs.org/@jimp/plugin-fisheye/-/plugin-fisheye-1.6.1.tgz 0ms (cache hit)
94 http cache @jimp/plugin-dither@https://registry.npmjs.org/@jimp/plugin-dither/-/plugin-dither-1.6.1.tgz 0ms (cache hit)
95 http cache @jimp/plugin-flip@https://registry.npmjs.org/@jimp/plugin-flip/-/plugin-flip-1.6.1.tgz 0ms (cache hit)
96 http cache @jimp/plugin-displace@https://registry.npmjs.org/@jimp/plugin-displace/-/plugin-displace-1.6.1.tgz 0ms (cache hit)
97 http cache @jimp/plugin-crop@https://registry.npmjs.org/@jimp/plugin-crop/-/plugin-crop-1.6.1.tgz 0ms (cache hit)
98 http cache @jimp/plugin-cover@https://registry.npmjs.org/@jimp/plugin-cover/-/plugin-cover-1.6.1.tgz 0ms (cache hit)
99 http cache @jimp/plugin-contain@https://registry.npmjs.org/@jimp/plugin-contain/-/plugin-contain-1.6.1.tgz 0ms (cache hit)
100 http cache @jimp/plugin-color@https://registry.npmjs.org/@jimp/plugin-color/-/plugin-color-1.6.1.tgz 0ms (cache hit)
101 http cache @jimp/plugin-circle@https://registry.npmjs.org/@jimp/plugin-circle/-/plugin-circle-1.6.1.tgz 0ms (cache hit)
102 http cache @jimp/plugin-blur@https://registry.npmjs.org/@jimp/plugin-blur/-/plugin-blur-1.6.1.tgz 0ms (cache hit)
103 http cache @jimp/plugin-blit@https://registry.npmjs.org/@jimp/plugin-blit/-/plugin-blit-1.6.1.tgz 0ms (cache hit)
104 http cache @jimp/js-tiff@https://registry.npmjs.org/@jimp/js-tiff/-/js-tiff-1.6.1.tgz 0ms (cache hit)
105 http cache @jimp/js-png@https://registry.npmjs.org/@jimp/js-png/-/js-png-1.6.1.tgz 0ms (cache hit)
106 http cache @jimp/js-jpeg@https://registry.npmjs.org/@jimp/js-jpeg/-/js-jpeg-1.6.1.tgz 0ms (cache hit)
107 http cache @jimp/js-gif@https://registry.npmjs.org/@jimp/js-gif/-/js-gif-1.6.1.tgz 0ms (cache hit)
108 http cache @jimp/js-bmp@https://registry.npmjs.org/@jimp/js-bmp/-/js-bmp-1.6.1.tgz 0ms (cache hit)
109 http cache @jimp/diff@https://registry.npmjs.org/@jimp/diff/-/diff-1.6.1.tgz 0ms (cache hit)
110 http cache @jimp/core@https://registry.npmjs.org/@jimp/core/-/core-1.6.1.tgz 0ms (cache hit)
111 http cache xml2js@https://registry.npmjs.org/xml2js/-/xml2js-0.5.0.tgz 0ms (cache hit)
112 http cache @jimp/plugin-quantize@https://registry.npmjs.org/@jimp/plugin-quantize/-/plugin-quantize-1.6.1.tgz 0ms (cache hit)
113 http cache xml-parse-from-string@https://registry.npmjs.org/xml-parse-from-string/-/xml-parse-from-string-1.0.1.tgz 0ms (cache hit)
114 http cache @jimp/file-ops@https://registry.npmjs.org/@jimp/file-ops/-/file-ops-1.6.1.tgz 0ms (cache hit)
115 http cache @borewit/text-codec@https://registry.npmjs.org/@borewit/text-codec/-/text-codec-0.2.2.tgz 0ms (cache hit)
116 http cache uint8array-extras@https://registry.npmjs.org/uint8array-extras/-/uint8array-extras-1.5.0.tgz 0ms (cache hit)
117 http cache utif2@https://registry.npmjs.org/utif2/-/utif2-4.1.0.tgz 0ms (cache hit)
118 http cache strtok3@https://registry.npmjs.org/strtok3/-/strtok3-10.3.5.tgz 0ms (cache hit)
119 http cache simple-xml-to-json@https://registry.npmjs.org/simple-xml-to-json/-/simple-xml-to-json-1.2.7.tgz 0ms (cache hit)
120 http cache token-types@https://registry.npmjs.org/token-types/-/token-types-6.1.2.tgz 0ms (cache hit)
121 http cache qs@https://registry.npmjs.org/qs/-/qs-6.15.3.tgz 0ms (cache hit)
122 http cache tinycolor2@https://registry.npmjs.org/tinycolor2/-/tinycolor2-1.6.0.tgz 0ms (cache hit)
123 http cache pixelmatch@https://registry.npmjs.org/pixelmatch/-/pixelmatch-5.3.0.tgz 0ms (cache hit)
124 http cache range-parser@https://registry.npmjs.org/range-parser/-/range-parser-1.3.0.tgz 0ms (cache hit)
125 http cache pngjs@https://registry.npmjs.org/pngjs/-/pngjs-7.0.0.tgz 0ms (cache hit)
126 http cache parse-bmfont-xml@https://registry.npmjs.org/parse-bmfont-xml/-/parse-bmfont-xml-1.1.6.tgz 0ms (cache hit)
127 http cache parse-bmfont-ascii@https://registry.npmjs.org/parse-bmfont-ascii/-/parse-bmfont-ascii-1.0.6.tgz 0ms (cache hit)
128 http cache omggif@https://registry.npmjs.org/omggif/-/omggif-1.0.10.tgz 0ms (cache hit)
129 http cache parse-bmfont-binary@https://registry.npmjs.org/parse-bmfont-binary/-/parse-bmfont-binary-1.0.6.tgz 0ms (cache hit)
130 http cache pako@https://registry.npmjs.org/pako/-/pako-1.0.11.tgz 0ms (cache hit)
131 http cache jpeg-js@https://registry.npmjs.org/jpeg-js/-/jpeg-js-0.4.4.tgz 0ms (cache hit)
132 http cache mime@https://registry.npmjs.org/mime/-/mime-3.0.0.tgz 0ms (cache hit)
133 http cache gifwrap@https://registry.npmjs.org/gifwrap/-/gifwrap-0.10.1.tgz 0ms (cache hit)
134 http cache jimp@https://registry.npmjs.org/jimp/-/jimp-1.6.1.tgz 0ms (cache hit)
135 http cache image-q@https://registry.npmjs.org/image-q/-/image-q-4.0.0.tgz 0ms (cache hit)
136 http cache file-type@https://registry.npmjs.org/file-type/-/file-type-21.3.4.tgz 0ms (cache hit)
137 http cache await-to-js@https://registry.npmjs.org/await-to-js/-/await-to-js-3.0.0.tgz 0ms (cache hit)
138 http cache exif-parser@https://registry.npmjs.org/exif-parser/-/exif-parser-0.1.12.tgz 0ms (cache hit)
139 http cache any-base@https://registry.npmjs.org/any-base/-/any-base-1.1.0.tgz 0ms (cache hit)
140 http cache body-parser@https://registry.npmjs.org/body-parser/-/body-parser-2.3.0.tgz 0ms (cache hit)
141 http cache multer@https://registry.npmjs.org/multer/-/multer-2.2.0.tgz 0ms (cache hit)
142 http cache bmp-ts@https://registry.npmjs.org/bmp-ts/-/bmp-ts-1.0.9.tgz 0ms (cache hit)
143 http cache pngjs@https://registry.npmjs.org/pngjs/-/pngjs-6.0.0.tgz 0ms (cache hit)
144 http cache media-typer@https://registry.npmjs.org/media-typer/-/media-typer-0.3.0.tgz 0ms (cache hit)
145 http cache type-is@https://registry.npmjs.org/type-is/-/type-is-1.6.18.tgz 0ms (cache hit)
146 silly tarball no local data for @tokenizer/token@https://registry.npmjs.org/@tokenizer/token/-/token-0.3.0.tgz. Extracting by manifest.
147 silly tarball no local data for @types/node@https://registry.npmjs.org/@types/node/-/node-16.9.1.tgz. Extracting by manifest.
148 silly tarball no local data for @jimp/utils@https://registry.npmjs.org/@jimp/utils/-/utils-1.6.1.tgz. Extracting by manifest.
149 silly tarball no local data for @tokenizer/inflate@https://registry.npmjs.org/@tokenizer/inflate/-/inflate-0.4.1.tgz. Extracting by manifest.
150 silly tarball no local data for @jimp/plugin-threshold@https://registry.npmjs.org/@jimp/plugin-threshold/-/plugin-threshold-1.6.1.tgz. Extracting by manifest.
151 silly tarball no local data for @jimp/plugin-rotate@https://registry.npmjs.org/@jimp/plugin-rotate/-/plugin-rotate-1.6.1.tgz. Extracting by manifest.
152 silly tarball no local data for @jimp/types@https://registry.npmjs.org/@jimp/types/-/types-1.6.1.tgz. Extracting by manifest.
153 silly tarball no local data for @jimp/plugin-resize@https://registry.npmjs.org/@jimp/plugin-resize/-/plugin-resize-1.6.1.tgz. Extracting by manifest.
154 silly tarball no local data for @jimp/plugin-print@https://registry.npmjs.org/@jimp/plugin-print/-/plugin-print-1.6.1.tgz. Extracting by manifest.
155 silly tarball no local data for @jimp/plugin-mask@https://registry.npmjs.org/@jimp/plugin-mask/-/plugin-mask-1.6.1.tgz. Extracting by manifest.
156 silly tarball no local data for @jimp/plugin-hash@https://registry.npmjs.org/@jimp/plugin-hash/-/plugin-hash-1.6.1.tgz. Extracting by manifest.
157 silly tarball no local data for @jimp/plugin-fisheye@https://registry.npmjs.org/@jimp/plugin-fisheye/-/plugin-fisheye-1.6.1.tgz. Extracting by manifest.
158 silly tarball no local data for @jimp/plugin-dither@https://registry.npmjs.org/@jimp/plugin-dither/-/plugin-dither-1.6.1.tgz. Extracting by manifest.
159 silly tarball no local data for @jimp/plugin-flip@https://registry.npmjs.org/@jimp/plugin-flip/-/plugin-flip-1.6.1.tgz. Extracting by manifest.
160 silly tarball no local data for @jimp/plugin-displace@https://registry.npmjs.org/@jimp/plugin-displace/-/plugin-displace-1.6.1.tgz. Extracting by manifest.
161 silly tarball no local data for @jimp/plugin-crop@https://registry.npmjs.org/@jimp/plugin-crop/-/plugin-crop-1.6.1.tgz. Extracting by manifest.
162 silly tarball no local data for @jimp/plugin-cover@https://registry.npmjs.org/@jimp/plugin-cover/-/plugin-cover-1.6.1.tgz. Extracting by manifest.
163 silly tarball no local data for @jimp/plugin-contain@https://registry.npmjs.org/@jimp/plugin-contain/-/plugin-contain-1.6.1.tgz. Extracting by manifest.
164 silly tarball no local data for @jimp/plugin-color@https://registry.npmjs.org/@jimp/plugin-color/-/plugin-color-1.6.1.tgz. Extracting by manifest.
165 silly tarball no local data for @jimp/plugin-circle@https://registry.npmjs.org/@jimp/plugin-circle/-/plugin-circle-1.6.1.tgz. Extracting by manifest.
166 silly tarball no local data for @jimp/plugin-blur@https://registry.npmjs.org/@jimp/plugin-blur/-/plugin-blur-1.6.1.tgz. Extracting by manifest.
167 silly tarball no local data for @jimp/plugin-blit@https://registry.npmjs.org/@jimp/plugin-blit/-/plugin-blit-1.6.1.tgz. Extracting by manifest.
168 silly tarball no local data for @jimp/js-tiff@https://registry.npmjs.org/@jimp/js-tiff/-/js-tiff-1.6.1.tgz. Extracting by manifest.
169 silly tarball no local data for @jimp/js-png@https://registry.npmjs.org/@jimp/js-png/-/js-png-1.6.1.tgz. Extracting by manifest.
170 silly tarball no local data for @jimp/js-jpeg@https://registry.npmjs.org/@jimp/js-jpeg/-/js-jpeg-1.6.1.tgz. Extracting by manifest.
171 silly tarball no local data for @jimp/js-gif@https://registry.npmjs.org/@jimp/js-gif/-/js-gif-1.6.1.tgz. Extracting by manifest.
172 silly tarball no local data for @jimp/js-bmp@https://registry.npmjs.org/@jimp/js-bmp/-/js-bmp-1.6.1.tgz. Extracting by manifest.
173 silly tarball no local data for @jimp/diff@https://registry.npmjs.org/@jimp/diff/-/diff-1.6.1.tgz. Extracting by manifest.
174 silly tarball no local data for @jimp/core@https://registry.npmjs.org/@jimp/core/-/core-1.6.1.tgz. Extracting by manifest.
175 silly tarball no local data for xml2js@https://registry.npmjs.org/xml2js/-/xml2js-0.5.0.tgz. Extracting by manifest.
176 silly tarball no local data for @jimp/plugin-quantize@https://registry.npmjs.org/@jimp/plugin-quantize/-/plugin-quantize-1.6.1.tgz. Extracting by manifest.
177 silly tarball no local data for xml-parse-from-string@https://registry.npmjs.org/xml-parse-from-string/-/xml-parse-from-string-1.0.1.tgz. Extracting by manifest.
178 silly tarball no local data for @jimp/file-ops@https://registry.npmjs.org/@jimp/file-ops/-/file-ops-1.6.1.tgz. Extracting by manifest.
179 silly tarball no local data for @borewit/text-codec@https://registry.npmjs.org/@borewit/text-codec/-/text-codec-0.2.2.tgz. Extracting by manifest.
180 silly tarball no local data for uint8array-extras@https://registry.npmjs.org/uint8array-extras/-/uint8array-extras-1.5.0.tgz. Extracting by manifest.
181 silly tarball no local data for utif2@https://registry.npmjs.org/utif2/-/utif2-4.1.0.tgz. Extracting by manifest.
182 silly tarball no local data for strtok3@https://registry.npmjs.org/strtok3/-/strtok3-10.3.5.tgz. Extracting by manifest.
183 silly tarball no local data for simple-xml-to-json@https://registry.npmjs.org/simple-xml-to-json/-/simple-xml-to-json-1.2.7.tgz. Extracting by manifest.
184 silly tarball no local data for token-types@https://registry.npmjs.org/token-types/-/token-types-6.1.2.tgz. Extracting by manifest.
185 silly tarball no local data for qs@https://registry.npmjs.org/qs/-/qs-6.15.3.tgz. Extracting by manifest.
186 silly tarball no local data for tinycolor2@https://registry.npmjs.org/tinycolor2/-/tinycolor2-1.6.0.tgz. Extracting by manifest.
187 silly tarball no local data for pixelmatch@https://registry.npmjs.org/pixelmatch/-/pixelmatch-5.3.0.tgz. Extracting by manifest.
188 silly tarball no local data for range-parser@https://registry.npmjs.org/range-parser/-/range-parser-1.3.0.tgz. Extracting by manifest.
189 silly tarball no local data for pngjs@https://registry.npmjs.org/pngjs/-/pngjs-7.0.0.tgz. Extracting by manifest.
190 silly tarball no local data for parse-bmfont-xml@https://registry.npmjs.org/parse-bmfont-xml/-/parse-bmfont-xml-1.1.6.tgz. Extracting by manifest.
191 silly tarball no local data for parse-bmfont-ascii@https://registry.npmjs.org/parse-bmfont-ascii/-/parse-bmfont-ascii-1.0.6.tgz. Extracting by manifest.
192 silly tarball no local data for omggif@https://registry.npmjs.org/omggif/-/omggif-1.0.10.tgz. Extracting by manifest.
193 silly tarball no local data for parse-bmfont-binary@https://registry.npmjs.org/parse-bmfont-binary/-/parse-bmfont-binary-1.0.6.tgz. Extracting by manifest.
194 silly tarball no local data for pako@https://registry.npmjs.org/pako/-/pako-1.0.11.tgz. Extracting by manifest.
195 silly tarball no local data for jpeg-js@https://registry.npmjs.org/jpeg-js/-/jpeg-js-0.4.4.tgz. Extracting by manifest.
196 silly tarball no local data for mime@https://registry.npmjs.org/mime/-/mime-3.0.0.tgz. Extracting by manifest.
197 silly tarball no local data for gifwrap@https://registry.npmjs.org/gifwrap/-/gifwrap-0.10.1.tgz. Extracting by manifest.
198 silly tarball no local data for jimp@https://registry.npmjs.org/jimp/-/jimp-1.6.1.tgz. Extracting by manifest.
199 silly tarball no local data for image-q@https://registry.npmjs.org/image-q/-/image-q-4.0.0.tgz. Extracting by manifest.
200 silly tarball no local data for file-type@https://registry.npmjs.org/file-type/-/file-type-21.3.4.tgz. Extracting by manifest.
201 silly tarball no local data for await-to-js@https://registry.npmjs.org/await-to-js/-/await-to-js-3.0.0.tgz. Extracting by manifest.
202 silly tarball no local data for exif-parser@https://registry.npmjs.org/exif-parser/-/exif-parser-0.1.12.tgz. Extracting by manifest.
203 silly tarball no local data for any-base@https://registry.npmjs.org/any-base/-/any-base-1.1.0.tgz. Extracting by manifest.
204 silly tarball no local data for body-parser@https://registry.npmjs.org/body-parser/-/body-parser-2.3.0.tgz. Extracting by manifest.
205 silly tarball no local data for multer@https://registry.npmjs.org/multer/-/multer-2.2.0.tgz. Extracting by manifest.
206 silly tarball no local data for bmp-ts@https://registry.npmjs.org/bmp-ts/-/bmp-ts-1.0.9.tgz. Extracting by manifest.
207 silly tarball no local data for pngjs@https://registry.npmjs.org/pngjs/-/pngjs-6.0.0.tgz. Extracting by manifest.
208 silly tarball no local data for media-typer@https://registry.npmjs.org/media-typer/-/media-typer-0.3.0.tgz. Extracting by manifest.
209 silly tarball no local data for type-is@https://registry.npmjs.org/type-is/-/type-is-1.6.18.tgz. Extracting by manifest.
210 http fetch GET https://registry.npmjs.org/@tokenizer/token/-/token-0.3.0.tgz attempt 1 failed with ENOTFOUND
211 http fetch GET https://registry.npmjs.org/@types/node/-/node-16.9.1.tgz attempt 1 failed with ENOTFOUND
212 http fetch GET https://registry.npmjs.org/@jimp/utils/-/utils-1.6.1.tgz attempt 1 failed with ENOTFOUND
213 http fetch GET https://registry.npmjs.org/@tokenizer/inflate/-/inflate-0.4.1.tgz attempt 1 failed with ENOTFOUND
214 http fetch GET https://registry.npmjs.org/@jimp/plugin-threshold/-/plugin-threshold-1.6.1.tgz attempt 1 failed with ENOTFOUND
215 http fetch GET https://registry.npmjs.org/@jimp/plugin-rotate/-/plugin-rotate-1.6.1.tgz attempt 1 failed with ENOTFOUND
216 http fetch GET https://registry.npmjs.org/@jimp/types/-/types-1.6.1.tgz attempt 1 failed with ENOTFOUND
217 http fetch GET https://registry.npmjs.org/@jimp/plugin-resize/-/plugin-resize-1.6.1.tgz attempt 1 failed with ENOTFOUND
218 http fetch GET https://registry.npmjs.org/@jimp/plugin-print/-/plugin-print-1.6.1.tgz attempt 1 failed with ENOTFOUND
219 http fetch GET https://registry.npmjs.org/@jimp/plugin-mask/-/plugin-mask-1.6.1.tgz attempt 1 failed with ENOTFOUND
220 http fetch GET https://registry.npmjs.org/@jimp/plugin-hash/-/plugin-hash-1.6.1.tgz attempt 1 failed with ENOTFOUND
221 http fetch GET https://registry.npmjs.org/@jimp/plugin-fisheye/-/plugin-fisheye-1.6.1.tgz attempt 1 failed with ENOTFOUND
222 http fetch GET https://registry.npmjs.org/@jimp/plugin-dither/-/plugin-dither-1.6.1.tgz attempt 1 failed with ENOTFOUND
223 http fetch GET https://registry.npmjs.org/@jimp/plugin-flip/-/plugin-flip-1.6.1.tgz attempt 1 failed with ENOTFOUND
224 http fetch GET https://registry.npmjs.org/@jimp/plugin-displace/-/plugin-displace-1.6.1.tgz attempt 1 failed with ENOTFOUND
225 http fetch GET https://registry.npmjs.org/npm attempt 2 failed with ENOTFOUND
226 http fetch GET https://registry.npmjs.org/@tokenizer/token/-/token-0.3.0.tgz attempt 2 failed with ENOTFOUND
227 http fetch GET https://registry.npmjs.org/@types/node/-/node-16.9.1.tgz attempt 2 failed with ENOTFOUND
228 http fetch GET https://registry.npmjs.org/@jimp/utils/-/utils-1.6.1.tgz attempt 2 failed with ENOTFOUND
229 http fetch GET https://registry.npmjs.org/@tokenizer/inflate/-/inflate-0.4.1.tgz attempt 2 failed with ENOTFOUND
230 http fetch GET https://registry.npmjs.org/@jimp/plugin-threshold/-/plugin-threshold-1.6.1.tgz attempt 2 failed with ENOTFOUND
231 http fetch GET https://registry.npmjs.org/@jimp/plugin-rotate/-/plugin-rotate-1.6.1.tgz attempt 2 failed with ENOTFOUND
232 http fetch GET https://registry.npmjs.org/@jimp/types/-/types-1.6.1.tgz attempt 2 failed with ENOTFOUND
233 http fetch GET https://registry.npmjs.org/@jimp/plugin-resize/-/plugin-resize-1.6.1.tgz attempt 2 failed with ENOTFOUND
234 http fetch GET https://registry.npmjs.org/@jimp/plugin-print/-/plugin-print-1.6.1.tgz attempt 2 failed with ENOTFOUND
235 http fetch GET https://registry.npmjs.org/@jimp/plugin-mask/-/plugin-mask-1.6.1.tgz attempt 2 failed with ENOTFOUND
236 http fetch GET https://registry.npmjs.org/@jimp/plugin-hash/-/plugin-hash-1.6.1.tgz attempt 2 failed with ENOTFOUND
237 http fetch GET https://registry.npmjs.org/@jimp/plugin-fisheye/-/plugin-fisheye-1.6.1.tgz attempt 2 failed with ENOTFOUND
238 http fetch GET https://registry.npmjs.org/@jimp/plugin-dither/-/plugin-dither-1.6.1.tgz attempt 2 failed with ENOTFOUND
239 http fetch GET https://registry.npmjs.org/@jimp/plugin-flip/-/plugin-flip-1.6.1.tgz attempt 2 failed with ENOTFOUND
240 http fetch GET https://registry.npmjs.org/@jimp/plugin-displace/-/plugin-displace-1.6.1.tgz attempt 2 failed with ENOTFOUND
241 http fetch GET https://registry.npmjs.org/npm attempt 3 failed with ENOTFOUND
242 http fetch GET https://registry.npmjs.org/@tokenizer/token/-/token-0.3.0.tgz attempt 3 failed with ENOTFOUND
243 http fetch GET https://registry.npmjs.org/@types/node/-/node-16.9.1.tgz attempt 3 failed with ENOTFOUND
244 http fetch GET https://registry.npmjs.org/@jimp/utils/-/utils-1.6.1.tgz attempt 3 failed with ENOTFOUND
245 http fetch GET https://registry.npmjs.org/@tokenizer/inflate/-/inflate-0.4.1.tgz attempt 3 failed with ENOTFOUND
246 http fetch GET https://registry.npmjs.org/@jimp/plugin-threshold/-/plugin-threshold-1.6.1.tgz attempt 3 failed with ENOTFOUND
247 http fetch GET https://registry.npmjs.org/@jimp/plugin-rotate/-/plugin-rotate-1.6.1.tgz attempt 3 failed with ENOTFOUND
248 http fetch GET https://registry.npmjs.org/@jimp/types/-/types-1.6.1.tgz attempt 3 failed with ENOTFOUND
249 http fetch GET https://registry.npmjs.org/@jimp/plugin-resize/-/plugin-resize-1.6.1.tgz attempt 3 failed with ENOTFOUND
250 http fetch GET https://registry.npmjs.org/@jimp/plugin-print/-/plugin-print-1.6.1.tgz attempt 3 failed with ENOTFOUND
251 http fetch GET https://registry.npmjs.org/@jimp/plugin-mask/-/plugin-mask-1.6.1.tgz attempt 3 failed with ENOTFOUND
252 http fetch GET https://registry.npmjs.org/@jimp/plugin-hash/-/plugin-hash-1.6.1.tgz attempt 3 failed with ENOTFOUND
253 http fetch GET https://registry.npmjs.org/@jimp/plugin-fisheye/-/plugin-fisheye-1.6.1.tgz attempt 3 failed with ENOTFOUND
254 http fetch GET https://registry.npmjs.org/@jimp/plugin-dither/-/plugin-dither-1.6.1.tgz attempt 3 failed with ENOTFOUND
255 http fetch GET https://registry.npmjs.org/@jimp/plugin-flip/-/plugin-flip-1.6.1.tgz attempt 3 failed with ENOTFOUND
256 http fetch GET https://registry.npmjs.org/@jimp/plugin-displace/-/plugin-displace-1.6.1.tgz attempt 3 failed with ENOTFOUND
257 verbose cwd /Volumes/MARS SSD/workspace/perler-webapp
258 verbose os Darwin 24.6.0
259 verbose node v22.17.0
260 verbose npm  v10.9.2
261 error Exit handler never called!
262 error This is an error with npm itself. Please report this error at:
263 error   <https://github.com/npm/cli/issues>
264 verbose exit 1
265 verbose code 1
266 error A complete log of this run can be found in: /Volumes/MARS SSD/workspace/perler-webapp/.npm-logs/2026-06-28T01_30_52_323Z-debug-0.log
